<?xml version="1.0" encoding="UTF-8"?>
<testng-results skipped="0" failed="0" ignored="0" total="1" passed="1">
  <reporter-output>
  </reporter-output>
  <suite name="Default suite" duration-ms="21331" started-at="2019-05-13T10:25:33Z" finished-at="2019-05-13T10:25:54Z">
    <groups>
    </groups>
    <test name="Default test" duration-ms="21331" started-at="2019-05-13T10:25:33Z" finished-at="2019-05-13T10:25:54Z">
      <class name="com.PMR.testcases.RemindersTest">
        <test-method status="PASS" signature="setup()[pri:0, instance:com.PMR.testcases.RemindersTest@6a1aab78]" name="setup" is-config="true" duration-ms="21045" started-at="2019-05-13T10:25:33Z" finished-at="2019-05-13T10:25:54Z">
          <reporter-output>
          </reporter-output>
        </test-method> <!-- setup -->
        <test-method status="PASS" signature="SearchPatient()[pri:0, instance:com.PMR.testcases.RemindersTest@6a1aab78]" name="SearchPatient" duration-ms="269" started-at="2019-05-13T10:25:54Z" finished-at="2019-05-13T10:25:54Z">
          <reporter-output>
          </reporter-output>
        </test-method> <!-- SearchPatient -->
      </class> <!-- com.PMR.testcases.RemindersTest -->
    </test> <!-- Default test -->
  </suite> <!-- Default suite -->
</testng-results>
