<?xml version="1.0" encoding="UTF-8"?>
<!-- Generated by org.testng.reporters.JUnitXMLReporter -->
<testsuite hostname="Anup-PC" ignored="0" name="TestNgMavenTest" tests="2" failures="1" timestamp="02 May 2019 07:17:30 GMT" time="27.817" errors="0">
  <testcase name="login" time="5.194" classname="com.PMR.testcases.AddPatientTest"/>
  <testcase name="submit" time="0.157" classname="com.PMR.testcases.HealthRecordsTest">
    <failure type="java.lang.NullPointerException">
      <![CDATA[java.lang.NullPointerException
at org.openqa.selenium.support.pagefactory.internal.LocatingElementHandler.invoke(LocatingElementHandler.java:51)
at com.sun.proxy.$Proxy9.click(Unknown Source)
at com.PMR.pages.HealthRecords.add(HealthRecords.java:94)
at com.PMR.testcases.HealthRecordsTest.submit(HealthRecordsTest.java:30)
... Removed 29 stack frames]]>
    </failure>
  </testcase> <!-- submit -->
</testsuite> <!-- TestNgMavenTest -->
